<?xml version="1.0" encoding="UTF-8"?>
<!-- Generated by org.testng.reporters.JUnitXMLReporter -->
<testsuite hostname="DESKTOP-QTN1F52" ignored="0" name="LoginTestCase" tests="1" failures="0" timestamp="2020-09-18T12:44:17 IST" time="0.097" errors="0">
  <testcase name="@BeforeSuite StartUp" time="4.931" classname="com.openMRS.base.TestBase">
    <failure type="java.lang.NullPointerException" message="null value in entry: url=null">
      <![CDATA[java.lang.NullPointerException: null value in entry: url=null
at com.google.common.collect.CollectPreconditions.checkEntryNotNull(CollectPreconditions.java:32)
at com.google.common.collect.SingletonImmutableBiMap.<init>(SingletonImmutableBiMap.java:42)
at com.google.common.collect.ImmutableBiMap.of(ImmutableBiMap.java:72)
at com.google.common.collect.ImmutableMap.of(ImmutableMap.java:124)
at org.openqa.selenium.remote.RemoteWebDriver.get(RemoteWebDriver.java:276)
at com.openMRS.base.TestBase.StartUp(TestBase.java:84)
... Removed 19 stack frames]]>
    </failure>
  </testcase> <!-- @BeforeSuite StartUp -->
  <testcase name="LoginTest" time="0.0" classname="com.openMRS.testcases.LoginTestCase">
    <skipped/>
  </testcase> <!-- LoginTest -->
</testsuite> <!-- LoginTestCase -->
