<?xml version="1.0" encoding="UTF-8"?>
<testng-results skipped="0" failed="0" ignored="0" total="1" passed="1">
  <reporter-output>
  </reporter-output>
  <suite name="Default suite" duration-ms="2184" started-at="2020-09-18T14:54:57 IST" finished-at="2020-09-18T14:54:59 IST">
    <groups>
    </groups>
    <test name="Default test" duration-ms="2184" started-at="2020-09-18T14:54:57 IST" finished-at="2020-09-18T14:54:59 IST">
      <class name="com.openMRS.testcases.LoginTestCase">
        <test-method status="PASS" signature="StartUp()[pri:0, instance:com.openMRS.testcases.LoginTestCase@66d1af89]" name="StartUp" is-config="true" duration-ms="15062" started-at="2020-09-18T14:54:42 IST" finished-at="2020-09-18T14:54:57 IST">
          <reporter-output>
          </reporter-output>
        </test-method> <!-- StartUp -->
        <test-method status="PASS" signature="LoginTest()[pri:0, instance:com.openMRS.testcases.LoginTestCase@66d1af89]" name="LoginTest" duration-ms="2114" started-at="2020-09-18T14:54:57 IST" finished-at="2020-09-18T14:54:59 IST">
          <reporter-output>
          </reporter-output>
        </test-method> <!-- LoginTest -->
        <test-method status="PASS" signature="TearDown()[pri:0, instance:com.openMRS.testcases.LoginTestCase@66d1af89]" name="TearDown" is-config="true" duration-ms="757" started-at="2020-09-18T14:54:59 IST" finished-at="2020-09-18T14:55:00 IST">
          <reporter-output>
          </reporter-output>
        </test-method> <!-- TearDown -->
      </class> <!-- com.openMRS.testcases.LoginTestCase -->
    </test> <!-- Default test -->
  </suite> <!-- Default suite -->
</testng-results>
